#
# There is insufficient memory for the Java Runtime Environment to continue.
# Native memory allocation (malloc) failed to allocate 1595696 bytes for Chunk::new
# Possible reasons:
#   The system is out of physical RAM or swap space
#   The process is running with CompressedOops enabled, and the Java Heap may be blocking the growth of the native heap
# Possible solutions:
#   Reduce memory load on the system
#   Increase physical memory or swap space
#   Check if swap backing store is full
#   Decrease Java heap size (-Xmx/-Xms)
#   Decrease number of Java threads
#   Decrease Java thread stack sizes (-Xss)
#   Set larger code cache with -XX:ReservedCodeCacheSize=
#   JVM is running with Zero Based Compressed Oops mode in which the Java heap is
#     placed in the first 32GB address space. The Java Heap base address is the
#     maximum limit for the native heap growth. Please use -XX:HeapBaseMinAddress
#     to set the Java Heap base and to place the Java Heap above 32GB virtual address.
# This output file may be truncated or incomplete.
#
#  Out of Memory Error (allocation.cpp:389), pid=18492, tid=0x0000000000000f1c
#
# JRE version: Java(TM) SE Runtime Environment (8.0_202-b08) (build 1.8.0_202-b08)
# Java VM: Java HotSpot(TM) 64-Bit Server VM (25.202-b08 mixed mode windows-amd64 compressed oops)
# Failed to write core dump. Minidumps are not enabled by default on client versions of Windows
#

---------------  T H R E A D  ---------------

Current thread (0x000000001f390800):  JavaThread "C2 CompilerThread1" daemon [_thread_in_native, id=3868, stack(0x000000001f9b0000,0x000000001fab0000)]

Stack: [0x000000001f9b0000,0x000000001fab0000]
[error occurred during error reporting (printing stack bounds), id 0xc0000005]

Native frames: (J=compiled Java code, j=interpreted, Vv=VM code, C=native code)


Current CompileTask:
C2:   4617 4496   !   4       org.springframework.util.ClassUtils::getMostSpecificMethod (72 bytes)


---------------  P R O C E S S  ---------------

Java Threads: ( => current thread )
  0x0000000023526000 JavaThread "mysql-cj-abandoned-connection-cleanup" daemon [_thread_blocked, id=14152, stack(0x00000000229e0000,0x0000000022ae0000)]
  0x0000000023529000 JavaThread "container-0" [_thread_blocked, id=18408, stack(0x0000000025be0000,0x0000000025ce0000)]
  0x0000000023528800 JavaThread "Catalina-utility-2" [_thread_blocked, id=17572, stack(0x00000000242d0000,0x00000000243d0000)]
  0x0000000023525800 JavaThread "Catalina-utility-1" [_thread_blocked, id=15832, stack(0x00000000211d0000,0x00000000212d0000)]
  0x00000000202c8000 JavaThread "restartedMain" [_thread_in_vm, id=14752, stack(0x00000000210d0000,0x00000000211d0000)]
  0x000000002080e800 JavaThread "Thread-0" [_thread_blocked, id=14408, stack(0x0000000020fd0000,0x00000000210d0000)]
  0x000000001f41a000 JavaThread "Service Thread" daemon [_thread_blocked, id=12624, stack(0x000000001fcb0000,0x000000001fdb0000)]
  0x000000001f394000 JavaThread "C1 CompilerThread3" daemon [_thread_blocked, id=20796, stack(0x000000001fbb0000,0x000000001fcb0000)]
  0x000000001f391800 JavaThread "C2 CompilerThread2" daemon [_thread_in_native, id=3628, stack(0x000000001fab0000,0x000000001fbb0000)]
=>0x000000001f390800 JavaThread "C2 CompilerThread1" daemon [_thread_in_native, id=3868, stack(0x000000001f9b0000,0x000000001fab0000)]
  0x000000001f38b800 JavaThread "C2 CompilerThread0" daemon [_thread_in_native, id=11024, stack(0x000000001f8b0000,0x000000001f9b0000)]
  0x000000001f2fc000 JavaThread "Monitor Ctrl-Break" daemon [_thread_in_native, id=676, stack(0x000000001f7b0000,0x000000001f8b0000)]
  0x000000001e6ae000 JavaThread "Attach Listener" daemon [_thread_blocked, id=2916, stack(0x000000001eea0000,0x000000001efa0000)]
  0x000000001e6ad800 JavaThread "Signal Dispatcher" daemon [_thread_blocked, id=2276, stack(0x000000001eda0000,0x000000001eea0000)]
  0x000000001c894800 JavaThread "Finalizer" daemon [_thread_blocked, id=5896, stack(0x000000001eb70000,0x000000001ec70000)]
  0x000000001e690800 JavaThread "Reference Handler" daemon [_thread_blocked, id=6928, stack(0x000000001ea70000,0x000000001eb70000)]
  0x0000000002c1b000 JavaThread "main" [_thread_blocked, id=16700, stack(0x0000000002b10000,0x0000000002c10000)]

Other Threads:
  0x0000000002d0e800 VMThread [stack: 0x000000001e570000,0x000000001e670000] [id=13084]
  0x000000001f537000 WatcherThread [stack: 0x000000001fdb0000,0x000000001feb0000] [id=13856]

VM state:not at safepoint (normal execution)

VM Mutex/Monitor currently owned by a thread: None

heap address: 0x00000006c2000000, size: 4064 MB, Compressed Oops mode: Zero based, Oop shift amount: 3
Narrow klass base: 0x0000000000000000, Narrow klass shift: 3
Compressed class space size: 1073741824 Address: 0x00000007c0000000

Heap:
 PSYoungGen      total 140800K, used 116103K [0x000000076b580000, 0x0000000774980000, 0x00000007c0000000)
  eden space 130048K, 82% used [0x000000076b580000,0x0000000771dce7b8,0x0000000773480000)
  from space 10752K, 86% used [0x0000000773f00000,0x0000000774813570,0x0000000774980000)
  to   space 10752K, 0% used [0x0000000773480000,0x0000000773480000,0x0000000773f00000)
 ParOldGen       total 97280K, used 18409K [0x00000006c2000000, 0x00000006c7f00000, 0x000000076b580000)
  object space 97280K, 18% used [0x00000006c2000000,0x00000006c31fa6d8,0x00000006c7f00000)
 Metaspace       used 45349K, capacity 47204K, committed 47320K, reserved 1089536K
  class space    used 6045K, capacity 6384K, committed 6400K, reserved 1048576K

Card table byte_map: [0x0000000012210000,0x0000000012a10000] byte_map_base: 0x000000000ec00000

Marking Bits: (ParMarkBitMap*) 0x00000000540a5ce0
 Begin Bits: [0x0000000013760000, 0x00000000176e0000)
 End Bits:   [0x00000000176e0000, 0x000000001b660000)

Polling page: 0x00000000012e0000

CodeCache: size=245760Kb used=16547Kb max_used=16731Kb free=229212Kb
 bounds [0x0000000002e50000, 0x0000000003f10000, 0x0000000011e50000]
 total_blobs=4705 nmethods=4246 adapters=371
 compilation: enabled

Compilation events (10 events):
Event: 4.571 Thread 0x000000001f394000 nmethod 4532 0x0000000003113ad0 code [0x0000000003113c60, 0x0000000003114068]
Event: 4.575 Thread 0x000000001f391800 4533   !   4       java.util.AbstractList$Itr::next (45 bytes)
Event: 4.576 Thread 0x000000001f391800 nmethod 4533 0x00000000033f1110 code [0x00000000033f1260, 0x00000000033f1408]
Event: 4.576 Thread 0x000000001f391800 4534   !   4       sun.instrument.TransformerManager::transform (98 bytes)
Event: 4.576 Thread 0x000000001f391800 nmethod 4534 0x00000000033f0e50 code [0x00000000033f0f80, 0x00000000033f1038]
Event: 4.576 Thread 0x000000001f391800 4535       4       sun.instrument.InstrumentationImpl::transform (38 bytes)
Event: 4.576 Thread 0x000000001f391800 nmethod 4535 0x0000000002fc50d0 code [0x0000000002fc5220, 0x0000000002fc5338]
Event: 4.594 Thread 0x000000001f391800 4537       4       java.net.URLStreamHandler::parseURL (1193 bytes)
Event: 4.608 Thread 0x000000001f394000 4539       1       org.apache.logging.log4j.Level::getStandardLevel (5 bytes)
Event: 4.609 Thread 0x000000001f394000 nmethod 4539 0x0000000002fc4e10 code [0x0000000002fc4f60, 0x0000000002fc5070]

GC Heap History (10 events):
Event: 2.123 GC heap before
{Heap before GC invocations=6 (full 1):
 PSYoungGen      total 140800K, used 130048K [0x000000076b580000, 0x0000000774980000, 0x00000007c0000000)
  eden space 130048K, 100% used [0x000000076b580000,0x0000000773480000,0x0000000773480000)
  from space 10752K, 0% used [0x0000000773f00000,0x0000000773f00000,0x0000000774980000)
  to   space 10752K, 0% used [0x0000000773480000,0x0000000773480000,0x0000000773f00000)
 ParOldGen       total 97280K, used 7285K [0x00000006c2000000, 0x00000006c7f00000, 0x000000076b580000)
  object space 97280K, 7% used [0x00000006c2000000,0x00000006c271d7a0,0x00000006c7f00000)
 Metaspace       used 26065K, capacity 26920K, committed 27136K, reserved 1073152K
  class space    used 3370K, capacity 3580K, committed 3584K, reserved 1048576K
Event: 2.132 GC heap after
Heap after GC invocations=6 (full 1):
 PSYoungGen      total 140800K, used 10725K [0x000000076b580000, 0x0000000774980000, 0x00000007c0000000)
  eden space 130048K, 0% used [0x000000076b580000,0x000000076b580000,0x0000000773480000)
  from space 10752K, 99% used [0x0000000773480000,0x0000000773ef9790,0x0000000773f00000)
  to   space 10752K, 0% used [0x0000000773f00000,0x0000000773f00000,0x0000000774980000)
 ParOldGen       total 97280K, used 8286K [0x00000006c2000000, 0x00000006c7f00000, 0x000000076b580000)
  object space 97280K, 8% used [0x00000006c2000000,0x00000006c2817a20,0x00000006c7f00000)
 Metaspace       used 26065K, capacity 26920K, committed 27136K, reserved 1073152K
  class space    used 3370K, capacity 3580K, committed 3584K, reserved 1048576K
}
Event: 2.743 GC heap before
{Heap before GC invocations=7 (full 1):
 PSYoungGen      total 140800K, used 140773K [0x000000076b580000, 0x0000000774980000, 0x00000007c0000000)
  eden space 130048K, 100% used [0x000000076b580000,0x0000000773480000,0x0000000773480000)
  from space 10752K, 99% used [0x0000000773480000,0x0000000773ef9790,0x0000000773f00000)
  to   space 10752K, 0% used [0x0000000773f00000,0x0000000773f00000,0x0000000774980000)
 ParOldGen       total 97280K, used 8286K [0x00000006c2000000, 0x00000006c7f00000, 0x000000076b580000)
  object space 97280K, 8% used [0x00000006c2000000,0x00000006c2817a20,0x00000006c7f00000)
 Metaspace       used 30226K, capacity 31330K, committed 31616K, reserved 1077248K
  class space    used 3954K, capacity 4205K, committed 4224K, reserved 1048576K
Event: 2.749 GC heap after
Heap after GC invocations=7 (full 1):
 PSYoungGen      total 140800K, used 10731K [0x000000076b580000, 0x0000000774980000, 0x00000007c0000000)
  eden space 130048K, 0% used [0x000000076b580000,0x000000076b580000,0x0000000773480000)
  from space 10752K, 99% used [0x0000000773f00000,0x000000077497ae98,0x0000000774980000)
  to   space 10752K, 0% used [0x0000000773480000,0x0000000773480000,0x0000000773f00000)
 ParOldGen       total 97280K, used 10669K [0x00000006c2000000, 0x00000006c7f00000, 0x000000076b580000)
  object space 97280K, 10% used [0x00000006c2000000,0x00000006c2a6b428,0x00000006c7f00000)
 Metaspace       used 30226K, capacity 31330K, committed 31616K, reserved 1077248K
  class space    used 3954K, capacity 4205K, committed 4224K, reserved 1048576K
}
Event: 3.269 GC heap before
{Heap before GC invocations=8 (full 1):
 PSYoungGen      total 140800K, used 82324K [0x000000076b580000, 0x0000000774980000, 0x00000007c0000000)
  eden space 130048K, 55% used [0x000000076b580000,0x000000076fb6a3e0,0x0000000773480000)
  from space 10752K, 99% used [0x0000000773f00000,0x000000077497ae98,0x0000000774980000)
  to   space 10752K, 0% used [0x0000000773480000,0x0000000773480000,0x0000000773f00000)
 ParOldGen       total 97280K, used 10669K [0x00000006c2000000, 0x00000006c7f00000, 0x000000076b580000)
  object space 97280K, 10% used [0x00000006c2000000,0x00000006c2a6b428,0x00000006c7f00000)
 Metaspace       used 33586K, capacity 35206K, committed 35416K, reserved 1079296K
  class space    used 4412K, capacity 4715K, committed 4736K, reserved 1048576K
Event: 3.275 GC heap after
Heap after GC invocations=8 (full 1):
 PSYoungGen      total 140800K, used 10740K [0x000000076b580000, 0x0000000774980000, 0x00000007c0000000)
  eden space 130048K, 0% used [0x000000076b580000,0x000000076b580000,0x0000000773480000)
  from space 10752K, 99% used [0x0000000773480000,0x0000000773efd348,0x0000000773f00000)
  to   space 10752K, 0% used [0x0000000773f00000,0x0000000773f00000,0x0000000774980000)
 ParOldGen       total 97280K, used 13466K [0x00000006c2000000, 0x00000006c7f00000, 0x000000076b580000)
  object space 97280K, 13% used [0x00000006c2000000,0x00000006c2d26928,0x00000006c7f00000)
 Metaspace       used 33586K, capacity 35206K, committed 35416K, reserved 1079296K
  class space    used 4412K, capacity 4715K, committed 4736K, reserved 1048576K
}
Event: 3.275 GC heap before
{Heap before GC invocations=9 (full 2):
 PSYoungGen      total 140800K, used 10740K [0x000000076b580000, 0x0000000774980000, 0x00000007c0000000)
  eden space 130048K, 0% used [0x000000076b580000,0x000000076b580000,0x0000000773480000)
  from space 10752K, 99% used [0x0000000773480000,0x0000000773efd348,0x0000000773f00000)
  to   space 10752K, 0% used [0x0000000773f00000,0x0000000773f00000,0x0000000774980000)
 ParOldGen       total 97280K, used 13466K [0x00000006c2000000, 0x00000006c7f00000, 0x000000076b580000)
  object space 97280K, 13% used [0x00000006c2000000,0x00000006c2d26928,0x00000006c7f00000)
 Metaspace       used 33586K, capacity 35206K, committed 35416K, reserved 1079296K
  class space    used 4412K, capacity 4715K, committed 4736K, reserved 1048576K
Event: 3.311 GC heap after
Heap after GC invocations=9 (full 2):
 PSYoungGen      total 140800K, used 0K [0x000000076b580000, 0x0000000774980000, 0x00000007c0000000)
  eden space 130048K, 0% used [0x000000076b580000,0x000000076b580000,0x0000000773480000)
  from space 10752K, 0% used [0x0000000773480000,0x0000000773480000,0x0000000773f00000)
  to   space 10752K, 0% used [0x0000000773f00000,0x0000000773f00000,0x0000000774980000)
 ParOldGen       total 97280K, used 18401K [0x00000006c2000000, 0x00000006c7f00000, 0x000000076b580000)
  object space 97280K, 18% used [0x00000006c2000000,0x00000006c31f86d8,0x00000006c7f00000)
 Metaspace       used 33586K, capacity 35206K, committed 35416K, reserved 1079296K
  class space    used 4412K, capacity 4715K, committed 4736K, reserved 1048576K
}
Event: 3.758 GC heap before
{Heap before GC invocations=10 (full 2):
 PSYoungGen      total 140800K, used 130048K [0x000000076b580000, 0x0000000774980000, 0x00000007c0000000)
  eden space 130048K, 100% used [0x000000076b580000,0x0000000773480000,0x0000000773480000)
  from space 10752K, 0% used [0x0000000773480000,0x0000000773480000,0x0000000773f00000)
  to   space 10752K, 0% used [0x0000000773f00000,0x0000000773f00000,0x0000000774980000)
 ParOldGen       total 97280K, used 18401K [0x00000006c2000000, 0x00000006c7f00000, 0x000000076b580000)
  object space 97280K, 18% used [0x00000006c2000000,0x00000006c31f86d8,0x00000006c7f00000)
 Metaspace       used 37385K, capacity 39118K, committed 39512K, reserved 1083392K
  class space    used 4861K, capacity 5175K, committed 5248K, reserved 1048576K
Event: 3.762 GC heap after
Heap after GC invocations=10 (full 2):
 PSYoungGen      total 140800K, used 9293K [0x000000076b580000, 0x0000000774980000, 0x00000007c0000000)
  eden space 130048K, 0% used [0x000000076b580000,0x000000076b580000,0x0000000773480000)
  from space 10752K, 86% used [0x0000000773f00000,0x0000000774813570,0x0000000774980000)
  to   space 10752K, 0% used [0x0000000773480000,0x0000000773480000,0x0000000773f00000)
 ParOldGen       total 97280K, used 18409K [0x00000006c2000000, 0x00000006c7f00000, 0x000000076b580000)
  object space 97280K, 18% used [0x00000006c2000000,0x00000006c31fa6d8,0x00000006c7f00000)
 Metaspace       used 37385K, capacity 39118K, committed 39512K, reserved 1083392K
  class space    used 4861K, capacity 5175K, committed 5248K, reserved 1048576K
}

Deoptimization events (10 events):
Event: 4.225 Thread 0x00000000202c8000 Uncommon trap: reason=unstable_if action=reinterpret pc=0x000000000304a290 method=java.lang.AbstractStringBuilder.append(Ljava/lang/String;)Ljava/lang/AbstractStringBuilder; @ 1
Event: 4.228 Thread 0x00000000202c8000 Uncommon trap: reason=unstable_if action=reinterpret pc=0x00000000031f9c98 method=java.util.Properties.load0(Ljava/util/Properties$LineReader;)V @ 115
Event: 4.308 Thread 0x00000000202c8000 Uncommon trap: reason=bimorphic action=maybe_recompile pc=0x00000000033be9ac method=java.lang.ClassLoader.loadClass(Ljava/lang/String;Z)Ljava/lang/Class; @ 70
Event: 4.331 Thread 0x00000000202c8000 Uncommon trap: reason=bimorphic action=maybe_recompile pc=0x00000000033be9ac method=java.lang.ClassLoader.loadClass(Ljava/lang/String;Z)Ljava/lang/Class; @ 70
Event: 4.332 Thread 0x00000000202c8000 Uncommon trap: reason=bimorphic action=maybe_recompile pc=0x00000000033be9ac method=java.lang.ClassLoader.loadClass(Ljava/lang/String;Z)Ljava/lang/Class; @ 70
Event: 4.332 Thread 0x00000000202c8000 Uncommon trap: reason=bimorphic action=maybe_recompile pc=0x00000000033be9ac method=java.lang.ClassLoader.loadClass(Ljava/lang/String;Z)Ljava/lang/Class; @ 70
Event: 4.494 Thread 0x00000000202c8000 Uncommon trap: reason=class_check action=maybe_recompile pc=0x000000000389cf98 method=java.util.AbstractList$Itr.hasNext()Z @ 8
Event: 4.494 Thread 0x00000000202c8000 Uncommon trap: reason=class_check action=maybe_recompile pc=0x0000000003be40d8 method=java.util.AbstractList$Itr.next()Ljava/lang/Object; @ 14
Event: 4.497 Thread 0x00000000202c8000 Uncommon trap: reason=class_check action=maybe_recompile pc=0x000000000389cf98 method=java.util.AbstractList$Itr.hasNext()Z @ 8
Event: 4.497 Thread 0x00000000202c8000 Uncommon trap: reason=class_check action=maybe_recompile pc=0x0000000003be40d8 method=java.util.AbstractList$Itr.next()Ljava/lang/Object; @ 14

Classes redefined (0 events):
No events

Internal exceptions (10 events):
Event: 3.783 Thread 0x00000000202c8000 Exception <a 'java/security/PrivilegedActionException'> (0x000000076b9aba68) thrown at [C:\re\workspace\8-2-build-windows-amd64-cygwin\jdk8u202\12323\hotspot\src\share\vm\prims\jvm.cpp, line 1502]
Event: 3.797 Thread 0x00000000202c8000 Exception <a 'java/io/FileNotFoundException'> (0x000000076bafe3e0) thrown at [C:\re\workspace\8-2-build-windows-amd64-cygwin\jdk8u202\12323\hotspot\src\share\vm\prims\jni.cpp, line 710]
Event: 3.797 Thread 0x00000000202c8000 Exception <a 'java/io/FileNotFoundException'> (0x000000076baffb38) thrown at [C:\re\workspace\8-2-build-windows-amd64-cygwin\jdk8u202\12323\hotspot\src\share\vm\prims\jni.cpp, line 710]
Event: 3.890 Thread 0x00000000202c8000 Implicit null exception at 0x0000000003e3550f to 0x0000000003e3557d
Event: 3.899 Thread 0x00000000202c8000 Exception <a 'java/lang/NoSuchMethodError': <clinit>> (0x000000076c2b5848) thrown at [C:\re\workspace\8-2-build-windows-amd64-cygwin\jdk8u202\12323\hotspot\src\share\vm\prims\jni.cpp, line 1614]
Event: 3.903 Thread 0x00000000202c8000 Implicit null exception at 0x0000000003d1be79 to 0x0000000003d1c0f1
Event: 3.911 Thread 0x00000000202c8000 Exception <a 'java/lang/NoSuchMethodError': <clinit>> (0x000000076c357278) thrown at [C:\re\workspace\8-2-build-windows-amd64-cygwin\jdk8u202\12323\hotspot\src\share\vm\prims\jni.cpp, line 1614]
Event: 3.949 Thread 0x00000000202c8000 Implicit null exception at 0x0000000003042d87 to 0x0000000003045a7d
Event: 4.020 Thread 0x00000000202c8000 Implicit null exception at 0x000000000308f656 to 0x000000000308fa01
Event: 4.225 Thread 0x00000000202c8000 Implicit null exception at 0x0000000003049ed6 to 0x000000000304a279

Events (10 events):
Event: 4.615 loading class org/hibernate/type/descriptor/java/BigIntegerTypeDescriptor
Event: 4.615 loading class org/hibernate/type/descriptor/java/BigIntegerTypeDescriptor done
Event: 4.615 loading class org/hibernate/type/StringType
Event: 4.615 loading class org/hibernate/type/StringType done
Event: 4.616 loading class org/hibernate/type/descriptor/java/StringTypeDescriptor
Event: 4.616 loading class org/hibernate/type/descriptor/java/StringTypeDescriptor done
Event: 4.616 loading class org/hibernate/type/StringNVarcharType
Event: 4.616 loading class org/hibernate/type/StringNVarcharType done
Event: 4.616 loading class org/hibernate/type/CharacterNCharType
Event: 4.616 loading class org/hibernate/type/CharacterNCharType done


Dynamic libraries:
0x00007ff70b750000 - 0x00007ff70b787000 	C:\Program Files\Java\jdk1.8.0_202\bin\java.exe
0x00007ffdd2cd0000 - 0x00007ffdd2ee6000 	C:\Windows\SYSTEM32\ntdll.dll
0x00007ffdd1d40000 - 0x00007ffdd1e04000 	C:\Windows\System32\KERNEL32.DLL
0x00007ffdd0670000 - 0x00007ffdd0a16000 	C:\Windows\System32\KERNELBASE.dll
0x00007ffdd0d70000 - 0x00007ffdd0e22000 	C:\Windows\System32\ADVAPI32.dll
0x00007ffdd0e30000 - 0x00007ffdd0ed7000 	C:\Windows\System32\msvcrt.dll
0x00007ffdd2920000 - 0x00007ffdd29c8000 	C:\Windows\System32\sechost.dll
0x00007ffdd03b0000 - 0x00007ffdd03d8000 	C:\Windows\System32\bcrypt.dll
0x00007ffdd1010000 - 0x00007ffdd1125000 	C:\Windows\System32\RPCRT4.dll
0x00007ffdd22c0000 - 0x00007ffdd246d000 	C:\Windows\System32\USER32.dll
0x00007ffdd03e0000 - 0x00007ffdd0406000 	C:\Windows\System32\win32u.dll
0x00007ffdd28f0000 - 0x00007ffdd2919000 	C:\Windows\System32\GDI32.dll
0x00007ffdd0010000 - 0x00007ffdd0128000 	C:\Windows\System32\gdi32full.dll
0x00007ffdd01a0000 - 0x00007ffdd023a000 	C:\Windows\System32\msvcp_win.dll
0x00007ffdd04d0000 - 0x00007ffdd05e1000 	C:\Windows\System32\ucrtbase.dll
0x00007ffdb8130000 - 0x00007ffdb83c3000 	C:\Windows\WinSxS\amd64_microsoft.windows.common-controls_6595b64144ccf1df_6.0.22621.3235_none_270f74e173860f98\COMCTL32.dll
0x00007ffdd20c0000 - 0x00007ffdd20f1000 	C:\Windows\System32\IMM32.DLL
0x0000000054130000 - 0x0000000054202000 	C:\Program Files\Java\jdk1.8.0_202\jre\bin\msvcr100.dll
0x0000000053880000 - 0x0000000054125000 	C:\Program Files\Java\jdk1.8.0_202\jre\bin\server\jvm.dll
0x00007ffdd0ee0000 - 0x00007ffdd0ee8000 	C:\Windows\System32\PSAPI.DLL
0x00007ffdc6950000 - 0x00007ffdc6984000 	C:\Windows\SYSTEM32\WINMM.dll
0x00007ffdc7950000 - 0x00007ffdc795a000 	C:\Windows\SYSTEM32\VERSION.dll
0x00007ffdcd340000 - 0x00007ffdcd349000 	C:\Windows\SYSTEM32\WSOCK32.dll
0x00007ffdd0f80000 - 0x00007ffdd0ff1000 	C:\Windows\System32\WS2_32.dll
0x00007ffdc4df0000 - 0x00007ffdc4dff000 	C:\Program Files\Java\jdk1.8.0_202\jre\bin\verify.dll
0x00007ffdc38d0000 - 0x00007ffdc38f9000 	C:\Program Files\Java\jdk1.8.0_202\jre\bin\java.dll
0x00007ffdb2ba0000 - 0x00007ffdb2bc3000 	C:\Program Files\Java\jdk1.8.0_202\jre\bin\instrument.dll
0x00007ffdc3350000 - 0x00007ffdc3366000 	C:\Program Files\Java\jdk1.8.0_202\jre\bin\zip.dll
0x00007ffdd1130000 - 0x00007ffdd198d000 	C:\Windows\System32\SHELL32.dll
0x00007ffdcdf80000 - 0x00007ffdce878000 	C:\Windows\SYSTEM32\windows.storage.dll
0x00007ffdd19b0000 - 0x00007ffdd1d38000 	C:\Windows\System32\combase.dll
0x00007ffdcde40000 - 0x00007ffdcdf7e000 	C:\Windows\SYSTEM32\wintypes.dll
0x00007ffdd29d0000 - 0x00007ffdd2ac3000 	C:\Windows\System32\SHCORE.dll
0x00007ffdd2000000 - 0x00007ffdd205e000 	C:\Windows\System32\shlwapi.dll
0x00007ffdcff40000 - 0x00007ffdcff66000 	C:\Windows\SYSTEM32\profapi.dll
0x00007ffdb32b0000 - 0x00007ffdb32ca000 	C:\Program Files\JetBrains\IntelliJ IDEA Community Edition 2023.3.4\bin\breakgen64.dll
0x00007ffdc3330000 - 0x00007ffdc334a000 	C:\Program Files\Java\jdk1.8.0_202\jre\bin\net.dll
0x00007ffdc5c00000 - 0x00007ffdc5df0000 	C:\Windows\SYSTEM32\urlmon.dll
0x00007ffdb9bd0000 - 0x00007ffdb9e8c000 	C:\Windows\SYSTEM32\iertutil.dll
0x00007ffdb9ff0000 - 0x00007ffdba018000 	C:\Windows\SYSTEM32\srvcli.dll
0x00007ffdceb40000 - 0x00007ffdceb4c000 	C:\Windows\SYSTEM32\netutils.dll
0x00007ffdcf5c0000 - 0x00007ffdcf629000 	C:\Windows\system32\mswsock.dll
0x00007ffdb63c0000 - 0x00007ffdb63cd000 	C:\Program Files\Java\jdk1.8.0_202\jre\bin\management.dll
0x00007ffdb7500000 - 0x00007ffdb7517000 	C:\Windows\system32\napinsp.dll
0x00007ffdb74e0000 - 0x00007ffdb74fb000 	C:\Windows\system32\pnrpnsp.dll
0x00007ffdcebc0000 - 0x00007ffdcecb9000 	C:\Windows\SYSTEM32\DNSAPI.dll
0x00007ffdceb50000 - 0x00007ffdceb7d000 	C:\Windows\SYSTEM32\IPHLPAPI.DLL
0x00007ffdd0d60000 - 0x00007ffdd0d69000 	C:\Windows\System32\NSI.dll
0x00007ffdb74c0000 - 0x00007ffdb74d1000 	C:\Windows\System32\winrnr.dll
0x00007ffdb74a0000 - 0x00007ffdb74b5000 	C:\Windows\system32\wshbth.dll
0x00007ffdb71b0000 - 0x00007ffdb71d1000 	C:\Windows\system32\nlansp_c.dll
0x00007ffdc8ed0000 - 0x00007ffdc8eda000 	C:\Windows\System32\rasadhlp.dll
0x00007ffdc9dc0000 - 0x00007ffdc9e43000 	C:\Windows\System32\fwpuclnt.dll
0x00007ffdc30b0000 - 0x00007ffdc30c2000 	C:\Program Files\Java\jdk1.8.0_202\jre\bin\nio.dll
0x00007ffdcf810000 - 0x00007ffdcf82b000 	C:\Windows\SYSTEM32\CRYPTSP.dll
0x00007ffdcf0a0000 - 0x00007ffdcf0d5000 	C:\Windows\system32\rsaenh.dll
0x00007ffdcf6b0000 - 0x00007ffdcf6dc000 	C:\Windows\SYSTEM32\USERENV.dll
0x00007ffdd05f0000 - 0x00007ffdd066a000 	C:\Windows\System32\bcryptprimitives.dll
0x00007ffdcf830000 - 0x00007ffdcf83c000 	C:\Windows\SYSTEM32\CRYPTBASE.dll
0x00007ffdca460000 - 0x00007ffdca479000 	C:\Windows\SYSTEM32\dhcpcsvc6.DLL
0x00007ffdca440000 - 0x00007ffdca45f000 	C:\Windows\SYSTEM32\dhcpcsvc.DLL

VM Arguments:
jvm_args: -javaagent:C:\Program Files\JetBrains\IntelliJ IDEA Community Edition 2023.3.4\lib\idea_rt.jar=55676:C:\Program Files\JetBrains\IntelliJ IDEA Community Edition 2023.3.4\bin -Dfile.encoding=UTF-8 
java_command: com.globits.DAApplication
java_class_path (initial): C:\Program Files\Java\jdk1.8.0_202\jre\lib\charsets.jar;C:\Program Files\Java\jdk1.8.0_202\jre\lib\deploy.jar;C:\Program Files\Java\jdk1.8.0_202\jre\lib\ext\access-bridge-64.jar;C:\Program Files\Java\jdk1.8.0_202\jre\lib\ext\cldrdata.jar;C:\Program Files\Java\jdk1.8.0_202\jre\lib\ext\dnsns.jar;C:\Program Files\Java\jdk1.8.0_202\jre\lib\ext\jaccess.jar;C:\Program Files\Java\jdk1.8.0_202\jre\lib\ext\jfxrt.jar;C:\Program Files\Java\jdk1.8.0_202\jre\lib\ext\localedata.jar;C:\Program Files\Java\jdk1.8.0_202\jre\lib\ext\nashorn.jar;C:\Program Files\Java\jdk1.8.0_202\jre\lib\ext\sunec.jar;C:\Program Files\Java\jdk1.8.0_202\jre\lib\ext\sunjce_provider.jar;C:\Program Files\Java\jdk1.8.0_202\jre\lib\ext\sunmscapi.jar;C:\Program Files\Java\jdk1.8.0_202\jre\lib\ext\sunpkcs11.jar;C:\Program Files\Java\jdk1.8.0_202\jre\lib\ext\zipfs.jar;C:\Program Files\Java\jdk1.8.0_202\jre\lib\javaws.jar;C:\Program Files\Java\jdk1.8.0_202\jre\lib\jce.jar;C:\Program Files\Java\jdk1.8.0_202\jre\lib\jfr.jar;C:\Program Files\Java\jdk1.8.0_202\jre\lib\jfxswt.jar;C:\Program Files\Java\jdk1.8.0_202\jre\lib\jsse.jar;C:\Program Files\Java\jdk1.8.0_202\jre\lib\management-agent.jar;C:\Program Files\Java\jdk1.8.0_202\jre\lib\plugin.jar;C:\Program Files\Java\jdk1.8.0_202\jre\lib\resources.jar;C:\Program Files\Java\jdk1.8.0_202\jre\lib\rt.jar;D:\Java\da-app\target\classes;C:\Users\tient\.m2\repository\com\globits\core-v2-api\1.0.0-SNAPSHOT\core-v2-api-1.0.0-SNAPSHOT.jar;D:\Java\da-api\target\classes;C:\Users\tient\.m2\repository\org\springframework\boot\spring-boot-starter-web\2.1.3.RELEASE\spring-boot-starter-web-2.1.3.RELEASE.jar;C:\Users\tient\.m2\repository\org\springframework\boot\spring-boot-starter-json\2.1.3.RELEASE\spring-boot-starter-json-2.1.3.RELEASE.jar;C:\Users\tient\.m2\repository\com\fasterxml\jackson\datatype\jackson-datatype-jdk8\2.9.8\jackson-datatype-jdk8-2.9.8.jar;C:\Users\tient\.m2\repository\com\fasterxml\jackson\datatype\jackson-datatype-jsr310\2.9.8\jacks
Launcher Type: SUN_STANDARD

Environment Variables:
JAVA_HOME=C:\Program Files\Java\jdk-20
PATH=C:\Program Files\Common Files\Oracle\Java\javapath;C:\Program Files (x86)\VMware\VMware Workstation\bin\;C:\Windows\system32;C:\Windows;C:\Windows\System32\Wbem;C:\Windows\System32\WindowsPowerShell\v1.0\;C:\Windows\System32\OpenSSH\;C:\Program Files (x86)\Microsoft SQL Server\160\Tools\Binn\;C:\Program Files\Microsoft SQL Server\160\Tools\Binn\;C:\Program Files\Microsoft SQL Server\Client SDK\ODBC\170\Tools\Binn\;C:\Program Files\Microsoft SQL Server\160\DTS\Binn\;C:\Program Files\Azure Data Studio\bin;C:\Program Files\Git\cmd;C:\Users\tient\AppData\Local\Programs\Python\Python38;C:\Program Files\Cloudflare\Cloudflare WARP\;C:\Program Files (x86)\NVIDIA Corporation\PhysX\Common;C:\xampp\php;C:\ProgramData\ComposerSetup\bin;C:\Program Files\TortoiseSVN\bin;C:\Users\tient\Downloads\spring-3.2.2\bin;C:\Users\tient\Downloads\apache-maven-3.9.6\bin;C:\Program Files\dotnet\;C:\Program Files\MySQL\MySQL Shell 8.0\bin\;C:\Users\tient\AppData\Local\Programs\Python\Python38;C:\Users\tient\AppData\Local\Programs\Microsoft VS Code\bin;C:\Users\tient\AppData\Roaming\Composer\vendor\bin;C:\Program Files\JetBrains\IntelliJ IDEA 2023.3.2\bin;
USERNAME=tient
OS=Windows_NT
PROCESSOR_IDENTIFIER=Intel64 Family 6 Model 165 Stepping 3, GenuineIntel



---------------  S Y S T E M  ---------------

OS: Windows 10.0 , 64 bit Build 22621 (10.0.22621.3235)

CPU:total 8 (initial active 8) (4 cores per cpu, 2 threads per core) family 6 model 165 stepping 3, cmov, cx8, fxsr, mmx, sse, sse2, sse3, ssse3, sse4.1, sse4.2, popcnt, avx, avx2, aes, clmul, erms, 3dnowpref, lzcnt, ht, tsc, tscinvbit, bmi1, bmi2, adx

Memory: 4k page, physical 16642024k(3954340k free), swap 47899236k(5972k free)

vm_info: Java HotSpot(TM) 64-Bit Server VM (25.202-b08) for windows-amd64 JRE (1.8.0_202-b08), built on Dec 15 2018 19:54:30 by "java_re" with MS VC++ 10.0 (VS2010)

time: Thu Apr 04 16:50:33 2024
timezone: SE Asia Standard Time
elapsed time: 4 seconds (0d 0h 0m 4s)

