#
# There is insufficient memory for the Java Runtime Environment to continue.
# Native memory allocation (malloc) failed to allocate 499536 bytes for Chunk::new
# Possible reasons:
#   The system is out of physical RAM or swap space
#   The process is running with CompressedOops enabled, and the Java Heap may be blocking the growth of the native heap
# Possible solutions:
#   Reduce memory load on the system
#   Increase physical memory or swap space
#   Check if swap backing store is full
#   Decrease Java heap size (-Xmx/-Xms)
#   Decrease number of Java threads
#   Decrease Java thread stack sizes (-Xss)
#   Set larger code cache with -XX:ReservedCodeCacheSize=
#   JVM is running with Zero Based Compressed Oops mode in which the Java heap is
#     placed in the first 32GB address space. The Java Heap base address is the
#     maximum limit for the native heap growth. Please use -XX:HeapBaseMinAddress
#     to set the Java Heap base and to place the Java Heap above 32GB virtual address.
# This output file may be truncated or incomplete.
#
#  Out of Memory Error (allocation.cpp:389), pid=18928, tid=0x00000000000055b0
#
# JRE version: Java(TM) SE Runtime Environment (8.0_202-b08) (build 1.8.0_202-b08)
# Java VM: Java HotSpot(TM) 64-Bit Server VM (25.202-b08 mixed mode windows-amd64 compressed oops)
# Failed to write core dump. Minidumps are not enabled by default on client versions of Windows
#

---------------  T H R E A D  ---------------

Current thread (0x000000001f078000):  JavaThread "C2 CompilerThread2" daemon [_thread_in_native, id=21936, stack(0x000000001f790000,0x000000001f890000)]

Stack: [0x000000001f790000,0x000000001f890000]
[error occurred during error reporting (printing stack bounds), id 0xc0000005]

Native frames: (J=compiled Java code, j=interpreted, Vv=VM code, C=native code)


Current CompileTask:
C2:   1504 1559   !   4       java.net.URL::<init> (543 bytes)


---------------  P R O C E S S  ---------------

Java Threads: ( => current thread )
  0x000000002076e800 JavaThread "background-preinit" [_thread_in_native, id=11596, stack(0x0000000020eb0000,0x0000000020fb0000)]
  0x0000000020592800 JavaThread "restartedMain" [_thread_in_native, id=11628, stack(0x0000000020db0000,0x0000000020eb0000)]
  0x00000000205ee000 JavaThread "Thread-0" [_thread_blocked, id=18304, stack(0x0000000020cb0000,0x0000000020db0000)]
  0x000000001f100800 JavaThread "Service Thread" daemon [_thread_blocked, id=14712, stack(0x000000001f990000,0x000000001fa90000)]
  0x000000001f07b000 JavaThread "C1 CompilerThread3" daemon [_thread_in_native, id=14392, stack(0x000000001f890000,0x000000001f990000)]
=>0x000000001f078000 JavaThread "C2 CompilerThread2" daemon [_thread_in_native, id=21936, stack(0x000000001f790000,0x000000001f890000)]
  0x000000001f077000 JavaThread "C2 CompilerThread1" daemon [_thread_in_native, id=10548, stack(0x000000001f690000,0x000000001f790000)]
  0x000000001f072800 JavaThread "C2 CompilerThread0" daemon [_thread_in_native, id=6964, stack(0x000000001f590000,0x000000001f690000)]
  0x000000001f033000 JavaThread "Monitor Ctrl-Break" daemon [_thread_in_native, id=8200, stack(0x000000001f490000,0x000000001f590000)]
  0x000000001e3ae000 JavaThread "Attach Listener" daemon [_thread_blocked, id=15148, stack(0x000000001eb90000,0x000000001ec90000)]
  0x000000001e3ad800 JavaThread "Signal Dispatcher" daemon [_thread_blocked, id=21352, stack(0x000000001ea90000,0x000000001eb90000)]
  0x000000001c594800 JavaThread "Finalizer" daemon [_thread_blocked, id=940, stack(0x000000001e870000,0x000000001e970000)]
  0x000000001e390800 JavaThread "Reference Handler" daemon [_thread_blocked, id=14060, stack(0x000000001e770000,0x000000001e870000)]
  0x000000000291b000 JavaThread "main" [_thread_blocked, id=13980, stack(0x00000000027e0000,0x00000000028e0000)]

Other Threads:
  0x0000000002a0e800 VMThread [stack: 0x000000001e270000,0x000000001e370000] [id=3220]
  0x000000001f214800 WatcherThread [stack: 0x000000001fa90000,0x000000001fb90000] [id=17656]

VM state:not at safepoint (normal execution)

VM Mutex/Monitor currently owned by a thread: None

heap address: 0x00000006c2000000, size: 4064 MB, Compressed Oops mode: Zero based, Oop shift amount: 3
Narrow klass base: 0x0000000000000000, Narrow klass shift: 3
Compressed class space size: 1073741824 Address: 0x00000007c0000000

Heap:
 PSYoungGen      total 75776K, used 24838K [0x000000076b580000, 0x0000000774980000, 0x00000007c0000000)
  eden space 65024K, 23% used [0x000000076b580000,0x000000076c429ab0,0x000000076f500000)
  from space 10752K, 91% used [0x000000076f500000,0x000000076fe97e30,0x000000076ff80000)
  to   space 10752K, 0% used [0x0000000773f00000,0x0000000773f00000,0x0000000774980000)
 ParOldGen       total 173568K, used 32K [0x00000006c2000000, 0x00000006cc980000, 0x000000076b580000)
  object space 173568K, 0% used [0x00000006c2000000,0x00000006c2008000,0x00000006cc980000)
 Metaspace       used 20279K, capacity 20826K, committed 21248K, reserved 1069056K
  class space    used 2592K, capacity 2748K, committed 2816K, reserved 1048576K

Card table byte_map: [0x0000000011f10000,0x0000000012710000] byte_map_base: 0x000000000e900000

Marking Bits: (ParMarkBitMap*) 0x00000000540a5ce0
 Begin Bits: [0x0000000013460000, 0x00000000173e0000)
 End Bits:   [0x00000000173e0000, 0x000000001b360000)

Polling page: 0x0000000000e30000

CodeCache: size=245760Kb used=5497Kb max_used=5497Kb free=240262Kb
 bounds [0x0000000002b50000, 0x00000000030c0000, 0x0000000011b50000]
 total_blobs=1976 nmethods=1607 adapters=281
 compilation: enabled

Compilation events (10 events):
Event: 1.493 Thread 0x000000001f072800 1601       4       java.io.WinNTFileSystem::prefixLength (91 bytes)
Event: 1.493 Thread 0x000000001f07b000 1602       3       org.springframework.asm.ClassReader::readUnsignedShort (26 bytes)
Event: 1.494 Thread 0x000000001f07b000 nmethod 1602 0x00000000030ab850 code [0x00000000030ab9a0, 0x00000000030abb50]
Event: 1.495 Thread 0x000000001f072800 nmethod 1601 0x00000000030aea90 code [0x00000000030aebe0, 0x00000000030aedf8]
Event: 1.498 Thread 0x000000001f072800 1603   !   4       java.util.zip.InflaterInputStream::read (138 bytes)
Event: 1.500 Thread 0x000000001f07b000 1604       3       java.nio.ByteBuffer::wrap (8 bytes)
Event: 1.501 Thread 0x000000001f07b000 nmethod 1604 0x00000000030ae350 code [0x00000000030ae4e0, 0x00000000030ae878]
Event: 1.501 Thread 0x000000001f07b000 1605   !   3       java.nio.ByteBuffer::wrap (20 bytes)
Event: 1.501 Thread 0x000000001f07b000 nmethod 1605 0x00000000030adc90 code [0x00000000030ade20, 0x00000000030ae158]
Event: 1.503 Thread 0x000000001f07b000 1606       3       sun.reflect.annotation.AnnotationParser::parseMemberValue (162 bytes)

GC Heap History (6 events):
Event: 0.702 GC heap before
{Heap before GC invocations=1 (full 0):
 PSYoungGen      total 75776K, used 65024K [0x000000076b580000, 0x0000000770a00000, 0x00000007c0000000)
  eden space 65024K, 100% used [0x000000076b580000,0x000000076f500000,0x000000076f500000)
  from space 10752K, 0% used [0x000000076ff80000,0x000000076ff80000,0x0000000770a00000)
  to   space 10752K, 0% used [0x000000076f500000,0x000000076f500000,0x000000076ff80000)
 ParOldGen       total 173568K, used 0K [0x00000006c2000000, 0x00000006cc980000, 0x000000076b580000)
  object space 173568K, 0% used [0x00000006c2000000,0x00000006c2000000,0x00000006cc980000)
 Metaspace       used 7243K, capacity 7406K, committed 7680K, reserved 1056768K
  class space    used 821K, capacity 899K, committed 1024K, reserved 1048576K
Event: 0.706 GC heap after
Heap after GC invocations=1 (full 0):
 PSYoungGen      total 75776K, used 5197K [0x000000076b580000, 0x0000000770a00000, 0x00000007c0000000)
  eden space 65024K, 0% used [0x000000076b580000,0x000000076b580000,0x000000076f500000)
  from space 10752K, 48% used [0x000000076f500000,0x000000076fa135b0,0x000000076ff80000)
  to   space 10752K, 0% used [0x000000076ff80000,0x000000076ff80000,0x0000000770a00000)
 ParOldGen       total 173568K, used 16K [0x00000006c2000000, 0x00000006cc980000, 0x000000076b580000)
  object space 173568K, 0% used [0x00000006c2000000,0x00000006c2004000,0x00000006cc980000)
 Metaspace       used 7243K, capacity 7406K, committed 7680K, reserved 1056768K
  class space    used 821K, capacity 899K, committed 1024K, reserved 1048576K
}
Event: 1.086 GC heap before
{Heap before GC invocations=2 (full 0):
 PSYoungGen      total 75776K, used 70221K [0x000000076b580000, 0x0000000770a00000, 0x00000007c0000000)
  eden space 65024K, 100% used [0x000000076b580000,0x000000076f500000,0x000000076f500000)
  from space 10752K, 48% used [0x000000076f500000,0x000000076fa135b0,0x000000076ff80000)
  to   space 10752K, 0% used [0x000000076ff80000,0x000000076ff80000,0x0000000770a00000)
 ParOldGen       total 173568K, used 16K [0x00000006c2000000, 0x00000006cc980000, 0x000000076b580000)
  object space 173568K, 0% used [0x00000006c2000000,0x00000006c2004000,0x00000006cc980000)
 Metaspace       used 13320K, capacity 13750K, committed 13952K, reserved 1060864K
  class space    used 1697K, capacity 1814K, committed 1920K, reserved 1048576K
Event: 1.097 GC heap after
Heap after GC invocations=2 (full 0):
 PSYoungGen      total 75776K, used 8935K [0x000000076b580000, 0x0000000774980000, 0x00000007c0000000)
  eden space 65024K, 0% used [0x000000076b580000,0x000000076b580000,0x000000076f500000)
  from space 10752K, 83% used [0x000000076ff80000,0x0000000770839f10,0x0000000770a00000)
  to   space 10752K, 0% used [0x000000076f500000,0x000000076f500000,0x000000076ff80000)
 ParOldGen       total 173568K, used 24K [0x00000006c2000000, 0x00000006cc980000, 0x000000076b580000)
  object space 173568K, 0% used [0x00000006c2000000,0x00000006c2006000,0x00000006cc980000)
 Metaspace       used 13320K, capacity 13750K, committed 13952K, reserved 1060864K
  class space    used 1697K, capacity 1814K, committed 1920K, reserved 1048576K
}
Event: 1.441 GC heap before
{Heap before GC invocations=3 (full 0):
 PSYoungGen      total 75776K, used 73959K [0x000000076b580000, 0x0000000774980000, 0x00000007c0000000)
  eden space 65024K, 100% used [0x000000076b580000,0x000000076f500000,0x000000076f500000)
  from space 10752K, 83% used [0x000000076ff80000,0x0000000770839f10,0x0000000770a00000)
  to   space 10752K, 0% used [0x000000076f500000,0x000000076f500000,0x000000076ff80000)
 ParOldGen       total 173568K, used 24K [0x00000006c2000000, 0x00000006cc980000, 0x000000076b580000)
  object space 173568K, 0% used [0x00000006c2000000,0x00000006c2006000,0x00000006cc980000)
 Metaspace       used 19032K, capacity 19566K, committed 19840K, reserved 1067008K
  class space    used 2437K, capacity 2586K, committed 2688K, reserved 1048576K
Event: 1.447 GC heap after
Heap after GC invocations=3 (full 0):
 PSYoungGen      total 75776K, used 9823K [0x000000076b580000, 0x0000000774980000, 0x00000007c0000000)
  eden space 65024K, 0% used [0x000000076b580000,0x000000076b580000,0x000000076f500000)
  from space 10752K, 91% used [0x000000076f500000,0x000000076fe97e30,0x000000076ff80000)
  to   space 10752K, 0% used [0x0000000773f00000,0x0000000773f00000,0x0000000774980000)
 ParOldGen       total 173568K, used 32K [0x00000006c2000000, 0x00000006cc980000, 0x000000076b580000)
  object space 173568K, 0% used [0x00000006c2000000,0x00000006c2008000,0x00000006cc980000)
 Metaspace       used 19032K, capacity 19566K, committed 19840K, reserved 1067008K
  class space    used 2437K, capacity 2586K, committed 2688K, reserved 1048576K
}

Deoptimization events (10 events):
Event: 0.855 Thread 0x0000000020592800 Uncommon trap: reason=unstable_if action=reinterpret pc=0x0000000002d880a8 method=java.util.HashMap.hash(Ljava/lang/Object;)I @ 1
Event: 0.930 Thread 0x0000000020592800 Uncommon trap: reason=unstable_if action=reinterpret pc=0x0000000002d3fb78 method=java.io.WinNTFileSystem.isLetter(C)Z @ 15
Event: 0.985 Thread 0x000000002076e800 Uncommon trap: reason=unstable_if action=reinterpret pc=0x0000000002e18164 method=java.lang.ThreadLocal$ThreadLocalMap.getEntry(Ljava/lang/ThreadLocal;)Ljava/lang/ThreadLocal$ThreadLocalMap$Entry; @ 21
Event: 1.013 Thread 0x0000000020592800 Uncommon trap: reason=unstable_if action=reinterpret pc=0x0000000002e14704 method=java.lang.ThreadLocal$ThreadLocalMap.getEntry(Ljava/lang/ThreadLocal;)Ljava/lang/ThreadLocal$ThreadLocalMap$Entry; @ 21
Event: 1.132 Thread 0x0000000020592800 Uncommon trap: reason=unstable_if action=reinterpret pc=0x0000000002df4318 method=java.util.HashMap.getNode(ILjava/lang/Object;)Ljava/util/HashMap$Node; @ 129
Event: 1.132 Thread 0x0000000020592800 Uncommon trap: reason=unstable_if action=reinterpret pc=0x0000000002e17640 method=java.util.HashMap.putVal(ILjava/lang/Object;Ljava/lang/Object;ZZ)Ljava/lang/Object; @ 193
Event: 1.142 Thread 0x0000000020592800 Uncommon trap: reason=unstable_if action=reinterpret pc=0x0000000002f7fe2c method=java.net.URL.<init>(Ljava/net/URL;Ljava/lang/String;Ljava/net/URLStreamHandler;)V @ 347
Event: 1.167 Thread 0x000000002076e800 Uncommon trap: reason=unstable_if action=reinterpret pc=0x0000000002db6588 method=java.util.HashMap.getNode(ILjava/lang/Object;)Ljava/util/HashMap$Node; @ 129
Event: 1.436 Thread 0x0000000020592800 Uncommon trap: reason=unstable_if action=reinterpret pc=0x0000000002fcb2b8 method=java.io.WinNTFileSystem.normalize(Ljava/lang/String;)Ljava/lang/String; @ 128
Event: 1.485 Thread 0x0000000020592800 Uncommon trap: reason=bimorphic action=maybe_recompile pc=0x000000000304746c method=java.util.HashMap.putVal(ILjava/lang/Object;Ljava/lang/Object;ZZ)Ljava/lang/Object; @ 203

Classes redefined (0 events):
No events

Internal exceptions (10 events):
Event: 1.405 Thread 0x0000000020592800 Exception <a 'java/lang/ClassNotFoundException': org/springframework/beans/factory/config/BeanFactoryPostProcessorCustomizer> (0x000000076ebf5f68) thrown at [C:\re\workspace\8-2-build-windows-amd64-cygwin\jdk8u202\12323\hotspot\src\share\vm\classfile\syst
Event: 1.405 Thread 0x0000000020592800 Exception <a 'java/lang/ClassNotFoundException': org/springframework/core/PriorityOrderedCustomizer> (0x000000076ec1d3e0) thrown at [C:\re\workspace\8-2-build-windows-amd64-cygwin\jdk8u202\12323\hotspot\src\share\vm\classfile\systemDictionary.cpp, line 21
Event: 1.406 Thread 0x0000000020592800 Exception <a 'java/lang/ClassNotFoundException': org/springframework/core/OrderedCustomizer> (0x000000076ec3f298) thrown at [C:\re\workspace\8-2-build-windows-amd64-cygwin\jdk8u202\12323\hotspot\src\share\vm\classfile\systemDictionary.cpp, line 210]
Event: 1.407 Thread 0x0000000020592800 Exception <a 'java/lang/ClassNotFoundException': org/springframework/context/ResourceLoaderAwareCustomizer> (0x000000076ec6a748) thrown at [C:\re\workspace\8-2-build-windows-amd64-cygwin\jdk8u202\12323\hotspot\src\share\vm\classfile\systemDictionary.cpp, 
Event: 1.407 Thread 0x0000000020592800 Exception <a 'java/lang/ClassNotFoundException': org/springframework/beans/factory/AwareCustomizer> (0x000000076ec91b90) thrown at [C:\re\workspace\8-2-build-windows-amd64-cygwin\jdk8u202\12323\hotspot\src\share\vm\classfile\systemDictionary.cpp, line 210
Event: 1.408 Thread 0x0000000020592800 Exception <a 'java/lang/ClassNotFoundException': org/springframework/beans/factory/BeanClassLoaderAwareCustomizer> (0x000000076ecc0718) thrown at [C:\re\workspace\8-2-build-windows-amd64-cygwin\jdk8u202\12323\hotspot\src\share\vm\classfile\systemDictionar
Event: 1.409 Thread 0x0000000020592800 Exception <a 'java/lang/ClassNotFoundException': org/springframework/beans/factory/AwareCustomizer> (0x000000076ece7b78) thrown at [C:\re\workspace\8-2-build-windows-amd64-cygwin\jdk8u202\12323\hotspot\src\share\vm\classfile\systemDictionary.cpp, line 210
Event: 1.410 Thread 0x0000000020592800 Exception <a 'java/lang/ClassNotFoundException': org/springframework/context/EnvironmentAwareCustomizer> (0x000000076eda68a8) thrown at [C:\re\workspace\8-2-build-windows-amd64-cygwin\jdk8u202\12323\hotspot\src\share\vm\classfile\systemDictionary.cpp, lin
Event: 1.410 Thread 0x0000000020592800 Exception <a 'java/lang/ClassNotFoundException': org/springframework/beans/factory/AwareCustomizer> (0x000000076edcdbe8) thrown at [C:\re\workspace\8-2-build-windows-amd64-cygwin\jdk8u202\12323\hotspot\src\share\vm\classfile\systemDictionary.cpp, line 210
Event: 1.438 Thread 0x0000000020592800 Exception <a 'java/lang/NoSuchMethodError': java.lang.Object.lambda$comparing$77a9974f$1(Ljava/util/function/Function;Ljava/lang/Object;Ljava/lang/Object;)I> (0x000000076f3f4460) thrown at [C:\re\workspace\8-2-build-windows-amd64-cygwin\jdk8u202\12323\hot

Events (10 events):
Event: 1.502 loading class org/springframework/data/repository/config/RepositoryBeanDefinitionRegistrarSupport
Event: 1.502 loading class org/springframework/data/repository/config/RepositoryBeanDefinitionRegistrarSupport done
Event: 1.502 loading class com/fasterxml/jackson/databind/deser/BeanDeserializerModifier
Event: 1.502 loading class com/fasterxml/jackson/databind/deser/BeanDeserializerModifier done
Event: 1.503 loading class com/fasterxml/jackson/databind/AbstractTypeResolver
Event: 1.503 loading class com/fasterxml/jackson/databind/AbstractTypeResolver done
Event: 1.503 loading class com/fasterxml/jackson/databind/deser/ValueInstantiators
Event: 1.503 loading class com/fasterxml/jackson/databind/deser/ValueInstantiators done
Event: 1.503 loading class com/fasterxml/jackson/databind/deser/KeyDeserializers
Event: 1.503 loading class com/fasterxml/jackson/databind/deser/KeyDeserializers done


Dynamic libraries:
0x00007ff70b750000 - 0x00007ff70b787000 	C:\Program Files\Java\jdk1.8.0_202\bin\java.exe
0x00007ffdd2cd0000 - 0x00007ffdd2ee6000 	C:\Windows\SYSTEM32\ntdll.dll
0x00007ffdd1d40000 - 0x00007ffdd1e04000 	C:\Windows\System32\KERNEL32.DLL
0x00007ffdd0670000 - 0x00007ffdd0a16000 	C:\Windows\System32\KERNELBASE.dll
0x00007ffdd0d70000 - 0x00007ffdd0e22000 	C:\Windows\System32\ADVAPI32.dll
0x00007ffdd0e30000 - 0x00007ffdd0ed7000 	C:\Windows\System32\msvcrt.dll
0x00007ffdd2920000 - 0x00007ffdd29c8000 	C:\Windows\System32\sechost.dll
0x00007ffdd03b0000 - 0x00007ffdd03d8000 	C:\Windows\System32\bcrypt.dll
0x00007ffdd1010000 - 0x00007ffdd1125000 	C:\Windows\System32\RPCRT4.dll
0x00007ffdd22c0000 - 0x00007ffdd246d000 	C:\Windows\System32\USER32.dll
0x00007ffdd03e0000 - 0x00007ffdd0406000 	C:\Windows\System32\win32u.dll
0x00007ffdd28f0000 - 0x00007ffdd2919000 	C:\Windows\System32\GDI32.dll
0x00007ffdd0010000 - 0x00007ffdd0128000 	C:\Windows\System32\gdi32full.dll
0x00007ffdd01a0000 - 0x00007ffdd023a000 	C:\Windows\System32\msvcp_win.dll
0x00007ffdd04d0000 - 0x00007ffdd05e1000 	C:\Windows\System32\ucrtbase.dll
0x00007ffdb8130000 - 0x00007ffdb83c3000 	C:\Windows\WinSxS\amd64_microsoft.windows.common-controls_6595b64144ccf1df_6.0.22621.3235_none_270f74e173860f98\COMCTL32.dll
0x00007ffdd20c0000 - 0x00007ffdd20f1000 	C:\Windows\System32\IMM32.DLL
0x0000000054130000 - 0x0000000054202000 	C:\Program Files\Java\jdk1.8.0_202\jre\bin\msvcr100.dll
0x0000000053880000 - 0x0000000054125000 	C:\Program Files\Java\jdk1.8.0_202\jre\bin\server\jvm.dll
0x00007ffdd0ee0000 - 0x00007ffdd0ee8000 	C:\Windows\System32\PSAPI.DLL
0x00007ffdcd340000 - 0x00007ffdcd349000 	C:\Windows\SYSTEM32\WSOCK32.dll
0x00007ffdc6950000 - 0x00007ffdc6984000 	C:\Windows\SYSTEM32\WINMM.dll
0x00007ffdd0f80000 - 0x00007ffdd0ff1000 	C:\Windows\System32\WS2_32.dll
0x00007ffdc7950000 - 0x00007ffdc795a000 	C:\Windows\SYSTEM32\VERSION.dll
0x00007ffdc4df0000 - 0x00007ffdc4dff000 	C:\Program Files\Java\jdk1.8.0_202\jre\bin\verify.dll
0x00007ffdc38d0000 - 0x00007ffdc38f9000 	C:\Program Files\Java\jdk1.8.0_202\jre\bin\java.dll
0x00007ffdb2ba0000 - 0x00007ffdb2bc3000 	C:\Program Files\Java\jdk1.8.0_202\jre\bin\instrument.dll
0x00007ffdc3350000 - 0x00007ffdc3366000 	C:\Program Files\Java\jdk1.8.0_202\jre\bin\zip.dll
0x00007ffdd1130000 - 0x00007ffdd198d000 	C:\Windows\System32\SHELL32.dll
0x00007ffdcdf80000 - 0x00007ffdce878000 	C:\Windows\SYSTEM32\windows.storage.dll
0x00007ffdd19b0000 - 0x00007ffdd1d38000 	C:\Windows\System32\combase.dll
0x00007ffdcde40000 - 0x00007ffdcdf7e000 	C:\Windows\SYSTEM32\wintypes.dll
0x00007ffdd29d0000 - 0x00007ffdd2ac3000 	C:\Windows\System32\SHCORE.dll
0x00007ffdd2000000 - 0x00007ffdd205e000 	C:\Windows\System32\shlwapi.dll
0x00007ffdcff40000 - 0x00007ffdcff66000 	C:\Windows\SYSTEM32\profapi.dll
0x00007ffdb32b0000 - 0x00007ffdb32ca000 	C:\Program Files\JetBrains\IntelliJ IDEA Community Edition 2023.3.4\bin\breakgen64.dll
0x00007ffdc3330000 - 0x00007ffdc334a000 	C:\Program Files\Java\jdk1.8.0_202\jre\bin\net.dll
0x00007ffdc5c00000 - 0x00007ffdc5df0000 	C:\Windows\SYSTEM32\urlmon.dll
0x00007ffdb9bd0000 - 0x00007ffdb9e8c000 	C:\Windows\SYSTEM32\iertutil.dll
0x00007ffdceb40000 - 0x00007ffdceb4c000 	C:\Windows\SYSTEM32\netutils.dll
0x00007ffdb9ff0000 - 0x00007ffdba018000 	C:\Windows\SYSTEM32\srvcli.dll
0x00007ffdcf5c0000 - 0x00007ffdcf629000 	C:\Windows\system32\mswsock.dll
0x00007ffdb63c0000 - 0x00007ffdb63cd000 	C:\Program Files\Java\jdk1.8.0_202\jre\bin\management.dll
0x00007ffdb7500000 - 0x00007ffdb7517000 	C:\Windows\system32\napinsp.dll
0x00007ffdb74e0000 - 0x00007ffdb74fb000 	C:\Windows\system32\pnrpnsp.dll
0x00007ffdcebc0000 - 0x00007ffdcecb9000 	C:\Windows\SYSTEM32\DNSAPI.dll
0x00007ffdceb50000 - 0x00007ffdceb7d000 	C:\Windows\SYSTEM32\IPHLPAPI.DLL
0x00007ffdd0d60000 - 0x00007ffdd0d69000 	C:\Windows\System32\NSI.dll
0x00007ffdb74c0000 - 0x00007ffdb74d1000 	C:\Windows\System32\winrnr.dll
0x00007ffdb74a0000 - 0x00007ffdb74b5000 	C:\Windows\system32\wshbth.dll
0x00007ffdb71b0000 - 0x00007ffdb71d1000 	C:\Windows\system32\nlansp_c.dll
0x00007ffdc8ed0000 - 0x00007ffdc8eda000 	C:\Windows\System32\rasadhlp.dll
0x00007ffdc9dc0000 - 0x00007ffdc9e43000 	C:\Windows\System32\fwpuclnt.dll
0x00007ffdc30b0000 - 0x00007ffdc30c2000 	C:\Program Files\Java\jdk1.8.0_202\jre\bin\nio.dll

VM Arguments:
jvm_args: -javaagent:C:\Program Files\JetBrains\IntelliJ IDEA Community Edition 2023.3.4\lib\idea_rt.jar=55657:C:\Program Files\JetBrains\IntelliJ IDEA Community Edition 2023.3.4\bin -Dfile.encoding=UTF-8 
java_command: com.globits.DAApplication
java_class_path (initial): C:\Program Files\Java\jdk1.8.0_202\jre\lib\charsets.jar;C:\Program Files\Java\jdk1.8.0_202\jre\lib\deploy.jar;C:\Program Files\Java\jdk1.8.0_202\jre\lib\ext\access-bridge-64.jar;C:\Program Files\Java\jdk1.8.0_202\jre\lib\ext\cldrdata.jar;C:\Program Files\Java\jdk1.8.0_202\jre\lib\ext\dnsns.jar;C:\Program Files\Java\jdk1.8.0_202\jre\lib\ext\jaccess.jar;C:\Program Files\Java\jdk1.8.0_202\jre\lib\ext\jfxrt.jar;C:\Program Files\Java\jdk1.8.0_202\jre\lib\ext\localedata.jar;C:\Program Files\Java\jdk1.8.0_202\jre\lib\ext\nashorn.jar;C:\Program Files\Java\jdk1.8.0_202\jre\lib\ext\sunec.jar;C:\Program Files\Java\jdk1.8.0_202\jre\lib\ext\sunjce_provider.jar;C:\Program Files\Java\jdk1.8.0_202\jre\lib\ext\sunmscapi.jar;C:\Program Files\Java\jdk1.8.0_202\jre\lib\ext\sunpkcs11.jar;C:\Program Files\Java\jdk1.8.0_202\jre\lib\ext\zipfs.jar;C:\Program Files\Java\jdk1.8.0_202\jre\lib\javaws.jar;C:\Program Files\Java\jdk1.8.0_202\jre\lib\jce.jar;C:\Program Files\Java\jdk1.8.0_202\jre\lib\jfr.jar;C:\Program Files\Java\jdk1.8.0_202\jre\lib\jfxswt.jar;C:\Program Files\Java\jdk1.8.0_202\jre\lib\jsse.jar;C:\Program Files\Java\jdk1.8.0_202\jre\lib\management-agent.jar;C:\Program Files\Java\jdk1.8.0_202\jre\lib\plugin.jar;C:\Program Files\Java\jdk1.8.0_202\jre\lib\resources.jar;C:\Program Files\Java\jdk1.8.0_202\jre\lib\rt.jar;D:\Java\da-app\target\classes;C:\Users\tient\.m2\repository\com\globits\core-v2-api\1.0.0-SNAPSHOT\core-v2-api-1.0.0-SNAPSHOT.jar;D:\Java\da-api\target\classes;C:\Users\tient\.m2\repository\org\springframework\boot\spring-boot-starter-web\2.1.3.RELEASE\spring-boot-starter-web-2.1.3.RELEASE.jar;C:\Users\tient\.m2\repository\org\springframework\boot\spring-boot-starter-json\2.1.3.RELEASE\spring-boot-starter-json-2.1.3.RELEASE.jar;C:\Users\tient\.m2\repository\com\fasterxml\jackson\datatype\jackson-datatype-jdk8\2.9.8\jackson-datatype-jdk8-2.9.8.jar;C:\Users\tient\.m2\repository\com\fasterxml\jackson\datatype\jackson-datatype-jsr310\2.9.8\jacks
Launcher Type: SUN_STANDARD

Environment Variables:
JAVA_HOME=C:\Program Files\Java\jdk-20
PATH=C:\Program Files\Common Files\Oracle\Java\javapath;C:\Program Files (x86)\VMware\VMware Workstation\bin\;C:\Windows\system32;C:\Windows;C:\Windows\System32\Wbem;C:\Windows\System32\WindowsPowerShell\v1.0\;C:\Windows\System32\OpenSSH\;C:\Program Files (x86)\Microsoft SQL Server\160\Tools\Binn\;C:\Program Files\Microsoft SQL Server\160\Tools\Binn\;C:\Program Files\Microsoft SQL Server\Client SDK\ODBC\170\Tools\Binn\;C:\Program Files\Microsoft SQL Server\160\DTS\Binn\;C:\Program Files\Azure Data Studio\bin;C:\Program Files\Git\cmd;C:\Users\tient\AppData\Local\Programs\Python\Python38;C:\Program Files\Cloudflare\Cloudflare WARP\;C:\Program Files (x86)\NVIDIA Corporation\PhysX\Common;C:\xampp\php;C:\ProgramData\ComposerSetup\bin;C:\Program Files\TortoiseSVN\bin;C:\Users\tient\Downloads\spring-3.2.2\bin;C:\Users\tient\Downloads\apache-maven-3.9.6\bin;C:\Program Files\dotnet\;C:\Program Files\MySQL\MySQL Shell 8.0\bin\;C:\Users\tient\AppData\Local\Programs\Python\Python38;C:\Users\tient\AppData\Local\Programs\Microsoft VS Code\bin;C:\Users\tient\AppData\Roaming\Composer\vendor\bin;C:\Program Files\JetBrains\IntelliJ IDEA 2023.3.2\bin;
USERNAME=tient
OS=Windows_NT
PROCESSOR_IDENTIFIER=Intel64 Family 6 Model 165 Stepping 3, GenuineIntel



---------------  S Y S T E M  ---------------

OS: Windows 10.0 , 64 bit Build 22621 (10.0.22621.3235)

CPU:total 8 (initial active 8) (4 cores per cpu, 2 threads per core) family 6 model 165 stepping 3, cmov, cx8, fxsr, mmx, sse, sse2, sse3, ssse3, sse4.1, sse4.2, popcnt, avx, avx2, aes, clmul, erms, 3dnowpref, lzcnt, ht, tsc, tscinvbit, bmi1, bmi2, adx

Memory: 4k page, physical 16642024k(4044004k free), swap 47899236k(4464k free)

vm_info: Java HotSpot(TM) 64-Bit Server VM (25.202-b08) for windows-amd64 JRE (1.8.0_202-b08), built on Dec 15 2018 19:54:30 by "java_re" with MS VC++ 10.0 (VS2010)

time: Thu Apr 04 16:50:15 2024
timezone: SE Asia Standard Time
elapsed time: 1 seconds (0d 0h 0m 1s)

